Hola, este es mi primer script en Bash
Sun Aug 17 12:00:01 PM CEST 2025
Tu directorio actual es: /home/ruben
Hola Brais
La suma es 8
La suma2 es 8
Hola, este es mi primer script en Bash
Sun Aug 17 12:01:01 PM CEST 2025
Tu directorio actual es: /home/ruben
Hola Brais
La suma es 8
La suma2 es 8
Hola, este es mi primer script en Bash
Sun Aug 17 12:02:01 PM CEST 2025
Tu directorio actual es: /home/ruben
Hola Brais
La suma es 8
La suma2 es 8
Hola, este es mi primer script en Bash
Sun Aug 17 12:03:02 PM CEST 2025
Tu directorio actual es: /home/ruben
Hola Brais
La suma es 8
La suma2 es 8
Hola, este es mi primer script en Bash
Sun Aug 17 12:04:01 PM CEST 2025
Tu directorio actual es: /home/ruben
Hola Brais
La suma es 8
La suma2 es 8
